-------------------------------------------------------------------------------
Test set: com.example.EmployeeManagementSystemSpringbootProject.EmployeeManagementSystemSpringbootProjectApplicationTests
-------------------------------------------------------------------------------
Tests run: 1, Failures: 0, Errors: 1, Skipped: 0, Time elapsed: 0.931 s <<< FAILURE! - in com.example.EmployeeManagementSystemSpringbootProject.EmployeeManagementSystemSpringbootProjectApplicationTests
com.example.EmployeeManagementSystemSpringbootProject.EmployeeManagementSystemSpringbootProjectApplicationTests  Time elapsed: 0.927 s  <<< ERROR!
java.lang.IllegalStateException: Found multiple @SpringBootConfiguration annotated classes [Generic bean: class [com.example.EmployeeManagementSystemSpringbootProject.Application]; scope=; abstract=false; lazyInit=null; autowireMode=0; dependencyCheck=0; autowireCandidate=true; primary=false; factoryBeanName=null; factoryMethodName=null; initMethodName=null; destroyMethodName=null; defined in file [C:\Users\HP\Downloads\Employee-Management-System-Springboot-Project\target\classes\com\example\EmployeeManagementSystemSpringbootProject\Application.class], Generic bean: class [com.example.EmployeeManagementSystemSpringbootProject.EmployeeManagementSystemSpringbootProjectApplication]; scope=; abstract=false; lazyInit=null; autowireMode=0; dependencyCheck=0; autowireCandidate=true; primary=false; factoryBeanName=null; factoryMethodName=null; initMethodName=null; destroyMethodName=null; defined in file [C:\Users\HP\Downloads\Employee-Management-System-Springboot-Project\target\classes\com\example\EmployeeManagementSystemSpringbootProject\EmployeeManagementSystemSpringbootProjectApplication.class]]

